<?xml version="1.0" encoding="UTF-8"?>
<testsuite name="com.infomaps.ciascraper.CiascraperApplicationTests" tests="1" skipped="0" failures="0" errors="0" timestamp="2020-02-15T14:17:45" hostname="luke-laptop" time="0.582">
  <properties/>
  <testcase name="contextLoads()" classname="com.infomaps.ciascraper.CiascraperApplicationTests" time="0.582"/>
  <system-out><![CDATA[14:17:42.788 [Test worker] DEBUG org.springframework.test.context.BootstrapUtils - Instantiating CacheAwareContextLoaderDelegate from class [org.springframework.test.context.cache.DefaultCacheAwareContextLoaderDelegate]
14:17:42.810 [Test worker] DEBUG org.springframework.test.context.BootstrapUtils - Instantiating BootstrapContext using constructor [public org.springframework.test.context.support.DefaultBootstrapContext(java.lang.Class,org.springframework.test.context.CacheAwareContextLoaderDelegate)]
14:17:42.862 [Test worker] DEBUG org.springframework.test.context.BootstrapUtils - Instantiating TestContextBootstrapper for test class [com.infomaps.ciascraper.CiascraperApplicationTests] from class [org.springframework.boot.test.context.SpringBootTestContextBootstrapper]
14:17:42.912 [Test worker] INFO org.springframework.boot.test.context.SpringBootTestContextBootstrapper - Neither @ContextConfiguration nor @ContextHierarchy found for test class [com.infomaps.ciascraper.CiascraperApplicationTests], using SpringBootContextLoader
14:17:42.924 [Test worker] DEBUG org.springframework.test.context.support.AbstractContextLoader - Did not detect default resource location for test class [com.infomaps.ciascraper.CiascraperApplicationTests]: class path resource [com/infomaps/ciascraper/CiascraperApplicationTests-context.xml] does not exist
14:17:42.926 [Test worker] DEBUG org.springframework.test.context.support.AbstractContextLoader - Did not detect default resource location for test class [com.infomaps.ciascraper.CiascraperApplicationTests]: class path resource [com/infomaps/ciascraper/CiascraperApplicationTestsContext.groovy] does not exist
14:17:42.928 [Test worker] INFO org.springframework.test.context.support.AbstractContextLoader - Could not detect default resource locations for test class [com.infomaps.ciascraper.CiascraperApplicationTests]: no resource found for suffixes {-context.xml, Context.groovy}.
14:17:42.930 [Test worker] INFO org.springframework.test.context.support.AnnotationConfigContextLoaderUtils - Could not detect default configuration classes for test class [com.infomaps.ciascraper.CiascraperApplicationTests]: CiascraperApplicationTests does not declare any static, non-private, non-final, nested classes annotated with @Configuration.
14:17:43.003 [Test worker] DEBUG org.springframework.test.context.support.ActiveProfilesUtils - Could not find an 'annotation declaring class' for annotation type [org.springframework.test.context.ActiveProfiles] and class [com.infomaps.ciascraper.CiascraperApplicationTests]
14:17:43.127 [Test worker] DEBUG org.springframework.context.annotation.ClassPathScanningCandidateComponentProvider - Identified candidate component class: file [/home/luke/Projects/infomaps/ciascraper/build/classes/kotlin/main/com/infomaps/ciascraper/CiascraperApplication.class]
14:17:43.131 [Test worker] INFO org.springframework.boot.test.context.SpringBootTestContextBootstrapper - Found @SpringBootConfiguration com.infomaps.ciascraper.CiascraperApplication for test class com.infomaps.ciascraper.CiascraperApplicationTests
14:17:43.263 [Test worker] DEBUG org.springframework.boot.test.context.SpringBootTestContextBootstrapper - @TestExecutionListeners is not present for class [com.infomaps.ciascraper.CiascraperApplicationTests]: using defaults.
14:17:43.264 [Test worker] INFO org.springframework.boot.test.context.SpringBootTestContextBootstrapper - Loaded default TestExecutionListener class names from location [META-INF/spring.factories]: [org.springframework.boot.test.autoconfigure.restdocs.RestDocsTestExecutionListener, org.springframework.boot.test.autoconfigure.web.client.MockRestServiceServerResetTestExecutionListener, org.springframework.boot.test.autoconfigure.web.servlet.MockMvcPrintOnlyOnFailureTestExecutionListener, org.springframework.boot.test.autoconfigure.web.servlet.WebDriverTestExecutionListener, org.springframework.boot.test.mock.mockito.MockitoTestExecutionListener, org.springframework.boot.test.mock.mockito.ResetMocksTestExecutionListener, org.springframework.test.context.web.ServletTestExecutionListener, org.springframework.test.context.support.DirtiesContextBeforeModesTestExecutionListener, org.springframework.test.context.support.DependencyInjectionTestExecutionListener, org.springframework.test.context.support.DirtiesContextTestExecutionListener, org.springframework.test.context.transaction.TransactionalTestExecutionListener, org.springframework.test.context.jdbc.SqlScriptsTestExecutionListener, org.springframework.test.context.event.EventPublishingTestExecutionListener]
14:17:43.274 [Test worker] DEBUG org.springframework.boot.test.context.SpringBootTestContextBootstrapper - Skipping candidate TestExecutionListener [org.springframework.test.context.web.ServletTestExecutionListener] due to a missing dependency. Specify custom listener classes or make the default listener classes and their required dependencies available. Offending class: [javax/servlet/ServletContext]
14:17:43.276 [Test worker] DEBUG org.springframework.boot.test.context.SpringBootTestContextBootstrapper - Skipping candidate TestExecutionListener [org.springframework.test.context.transaction.TransactionalTestExecutionListener] due to a missing dependency. Specify custom listener classes or make the default listener classes and their required dependencies available. Offending class: [org/springframework/transaction/interceptor/TransactionAttributeSource]
14:17:43.277 [Test worker] DEBUG org.springframework.boot.test.context.SpringBootTestContextBootstrapper - Skipping candidate TestExecutionListener [org.springframework.test.context.jdbc.SqlScriptsTestExecutionListener] due to a missing dependency. Specify custom listener classes or make the default listener classes and their required dependencies available. Offending class: [org/springframework/transaction/interceptor/TransactionAttribute]
14:17:43.278 [Test worker] INFO org.springframework.boot.test.context.SpringBootTestContextBootstrapper - Using TestExecutionListeners: [org.springframework.test.context.support.DirtiesContextBeforeModesTestExecutionListener@1f2373f4, org.springframework.boot.test.mock.mockito.MockitoTestExecutionListener@3e032c47, org.springframework.boot.test.autoconfigure.SpringBootDependencyInjectionTestExecutionListener@78b73723, org.springframework.test.context.support.DirtiesContextTestExecutionListener@48e3381f, org.springframework.test.context.event.EventPublishingTestExecutionListener@4cdb4e24, org.springframework.boot.test.autoconfigure.restdocs.RestDocsTestExecutionListener@6b9d32ec, org.springframework.boot.test.autoconfigure.web.client.MockRestServiceServerResetTestExecutionListener@2a521e93, org.springframework.boot.test.autoconfigure.web.servlet.MockMvcPrintOnlyOnFailureTestExecutionListener@7ba0e806, org.springframework.boot.test.autoconfigure.web.servlet.WebDriverTestExecutionListener@6d9c2338, org.springframework.boot.test.mock.mockito.ResetMocksTestExecutionListener@6f146635]
14:17:43.282 [Test worker] DEBUG org.springframework.test.context.support.AbstractDirtiesContextTestExecutionListener - Before test class: context [DefaultTestContext@58057bc2 testClass = CiascraperApplicationTests, testInstance = [null], testMethod = [null], testException = [null], mergedContextConfiguration = [MergedContextConfiguration@7313782 testClass = CiascraperApplicationTests, locations = '{}', classes = '{class com.infomaps.ciascraper.CiascraperApplication}', contextInitializerClasses = '[]', activeProfiles = '{}', propertySourceLocations = '{}', propertySourceProperties = '{org.springframework.boot.test.context.SpringBootTestContextBootstrapper=true}', contextCustomizers = set[org.springframework.boot.test.autoconfigure.properties.PropertyMappingContextCustomizer@0, org.springframework.boot.test.autoconfigure.web.servlet.WebDriverContextCustomizerFactory$Customizer@70bdcb11, org.springframework.boot.test.context.filter.ExcludeFilterContextCustomizer@450fa32d, org.springframework.boot.test.json.DuplicateJsonObjectContextCustomizerFactory$DuplicateJsonObjectContextCustomizer@7ffebac4, org.springframework.boot.test.mock.mockito.MockitoContextCustomizer@0, org.springframework.boot.test.web.client.TestRestTemplateContextCustomizer@2c1e579e], contextLoader = 'org.springframework.boot.test.context.SpringBootContextLoader', parent = [null]], attributes = map[[empty]]], class annotated with @DirtiesContext [false] with mode [null].
14:17:43.298 [Test worker] DEBUG org.springframework.test.context.support.DependencyInjectionTestExecutionListener - Performing dependency injection for test context [[DefaultTestContext@58057bc2 testClass = CiascraperApplicationTests, testInstance = com.infomaps.ciascraper.CiascraperApplicationTests@48ee4f57, testMethod = [null], testException = [null], mergedContextConfiguration = [MergedContextConfiguration@7313782 testClass = CiascraperApplicationTests, locations = '{}', classes = '{class com.infomaps.ciascraper.CiascraperApplication}', contextInitializerClasses = '[]', activeProfiles = '{}', propertySourceLocations = '{}', propertySourceProperties = '{org.springframework.boot.test.context.SpringBootTestContextBootstrapper=true}', contextCustomizers = set[org.springframework.boot.test.autoconfigure.properties.PropertyMappingContextCustomizer@0, org.springframework.boot.test.autoconfigure.web.servlet.WebDriverContextCustomizerFactory$Customizer@70bdcb11, org.springframework.boot.test.context.filter.ExcludeFilterContextCustomizer@450fa32d, org.springframework.boot.test.json.DuplicateJsonObjectContextCustomizerFactory$DuplicateJsonObjectContextCustomizer@7ffebac4, org.springframework.boot.test.mock.mockito.MockitoContextCustomizer@0, org.springframework.boot.test.web.client.TestRestTemplateContextCustomizer@2c1e579e], contextLoader = 'org.springframework.boot.test.context.SpringBootContextLoader', parent = [null]], attributes = map[[empty]]]].
14:17:43.327 [Test worker] DEBUG org.springframework.test.context.support.TestPropertySourceUtils - Adding inlined properties to environment: {spring.jmx.enabled=false, org.springframework.boot.test.context.SpringBootTestContextBootstrapper=true, server.port=-1}

  .   ____          _            __ _ _
 /\\ / ___'_ __ _ _(_)_ __  __ _ \ \ \ \
( ( )\___ | '_ | '_| | '_ \/ _` | \ \ \ \
 \\/  ___)| |_)| | | | | || (_| |  ) ) ) )
  '  |____| .__|_| |_|_| |_\__, | / / / /
 =========|_|==============|___/=/_/_/_/
 :: Spring Boot ::        (v2.2.4.RELEASE)

2020-02-15 14:17:43.898  INFO 26850 --- [    Test worker] c.i.c.CiascraperApplicationTests         : Starting CiascraperApplicationTests on luke-laptop with PID 26850 (started by luke in /home/luke/Projects/infomaps/ciascraper)
2020-02-15 14:17:43.901  INFO 26850 --- [    Test worker] c.i.c.CiascraperApplicationTests         : No active profile set, falling back to default profiles: default
2020-02-15 14:17:45.482  INFO 26850 --- [    Test worker] c.i.c.CiascraperApplicationTests         : Started CiascraperApplicationTests in 2.149 seconds (JVM running for 4.511)
]]></system-out>
  <system-err><![CDATA[]]></system-err>
</testsuite>
